Using pre-set license
Built from '2021.2/staging' branch; Version is '2021.2.7f1 (6bd9e232123f) revision 7068130'; Using compiler version '192829333'; Build Type 'Release'
OS: 'Windows 10  (10.0.19044) 64bit Professional' Language: 'en' Physical Memory: 32691 MB
BatchMode: 1, IsHumanControllingUs: 0, StartBugReporterOnCrash: 0, Is64bit: 1, IsPro: 0

COMMAND LINE ARGUMENTS:
C:\Program Files\Unity\Hub\Editor\2021.2.7f1\Editor\Unity.exe
-adb2
-batchMode
-noUpm
-name
AssetImportWorker0
-projectPath
D:/GitHub/GAME3033_GameZombieProject_HoVincent/GAME3033_GameZombieProject_HoVincent/GAME3033_GameZombieProject
-logFile
Logs/AssetImportWorker0.log
-srvPort
56150
Successfully changed project path to: D:/GitHub/GAME3033_GameZombieProject_HoVincent/GAME3033_GameZombieProject_HoVincent/GAME3033_GameZombieProject
D:/GitHub/GAME3033_GameZombieProject_HoVincent/GAME3033_GameZombieProject_HoVincent/GAME3033_GameZombieProject
[UnityMemory] Configuration Parameters - Can be set up in boot.config
    "memorysetup-bucket-allocator-granularity=16"
    "memorysetup-bucket-allocator-bucket-count=8"
    "memorysetup-bucket-allocator-block-size=33554432"
    "memorysetup-bucket-allocator-block-count=8"
    "memorysetup-main-allocator-block-size=16777216"
    "memorysetup-thread-allocator-block-size=16777216"
    "memorysetup-gfx-main-allocator-block-size=16777216"
    "memorysetup-gfx-thread-allocator-block-size=16777216"
    "memorysetup-cache-allocator-block-size=4194304"
    "memorysetup-typetree-allocator-block-size=2097152"
    "memorysetup-profiler-bucket-allocator-granularity=16"
    "memorysetup-profiler-bucket-allocator-bucket-count=8"
    "memorysetup-profiler-bucket-allocator-block-size=33554432"
    "memorysetup-profiler-bucket-allocator-block-count=8"
    "memorysetup-profiler-allocator-block-size=16777216"
    "memorysetup-profiler-editor-allocator-block-size=1048576"
    "memorysetup-temp-allocator-size-main=16777216"
    "memorysetup-job-temp-allocator-block-size=2097152"
    "memorysetup-job-temp-allocator-block-size-background=1048576"
    "memorysetup-job-temp-allocator-reduction-small-platforms=262144"
    "memorysetup-temp-allocator-size-background-worker=32768"
    "memorysetup-temp-allocator-size-job-worker=262144"
    "memorysetup-temp-allocator-size-preload-manager=33554432"
    "memorysetup-temp-allocator-size-nav-mesh-worker=65536"
    "memorysetup-temp-allocator-size-audio-worker=65536"
    "memorysetup-temp-allocator-size-cloud-worker=32768"
    "memorysetup-temp-allocator-size-gi-baking-worker=262144"
    "memorysetup-temp-allocator-size-gfx=262144"
Refreshing native plugins compatible for Editor in 35.22 ms, found 2 plugins.
Preloading 0 native plugins for Editor in 0.00 ms.
Initialize engine version: 2021.2.7f1 (6bd9e232123f)
[Subsystems] Discovering subsystems at path C:/Program Files/Unity/Hub/Editor/2021.2.7f1/Editor/Data/Resources/UnitySubsystems
[Subsystems] Discovering subsystems at path D:/GitHub/GAME3033_GameZombieProject_HoVincent/GAME3033_GameZombieProject_HoVincent/GAME3033_GameZombieProject/Assets
GfxDevice: creating device client; threaded=0; jobified=0
Direct3D:
    Version:  Direct3D 11.0 [level 11.1]
    Renderer: NVIDIA GeForce RTX 2060 (ID=0x1e89)
    Vendor:   NVIDIA
    VRAM:     5967 MB
    Driver:   30.0.14.7111
Initialize mono
Mono path[0] = 'C:/Program Files/Unity/Hub/Editor/2021.2.7f1/Editor/Data/Managed'
Mono path[1] = 'C:/Program Files/Unity/Hub/Editor/2021.2.7f1/Editor/Data/MonoBleedingEdge/lib/mono/unityjit-win32'
Mono config path = 'C:/Program Files/Unity/Hub/Editor/2021.2.7f1/Editor/Data/MonoBleedingEdge/etc'
Using monoOptions --debugger-agent=transport=dt_socket,embedding=1,server=y,suspend=n,address=127.0.0.1:56516
Begin MonoManager ReloadAssembly
Registering precompiled unity dll's ...
Register platform support module: C:/Program Files/Unity/Hub/Editor/2021.2.7f1/Editor/Data/PlaybackEngines/WebGLSupport/UnityEditor.WebGL.Extensions.dll
Register platform support module: C:/Program Files/Unity/Hub/Editor/2021.2.7f1/Editor/Data/PlaybackEngines/WindowsStandaloneSupport/UnityEditor.WindowsStandalone.Extensions.dll
Registered in 0.011185 seconds.
Native extension for WindowsStandalone target not found
Native extension for WebGL target not found
Refreshing native plugins compatible for Editor in 40.21 ms, found 2 plugins.
Preloading 0 native plugins for Editor in 0.00 ms.
Mono: successfully reloaded assembly
- Completed reload, in  0.525 seconds
Domain Reload Profiling:
	ReloadAssembly (525ms)
		BeginReloadAssembly (64ms)
			ExecutionOrderSort (0ms)
			DisableScriptedObjects (0ms)
			BackupInstance (0ms)
			ReleaseScriptingObjects (0ms)
			CreateAndSetChildDomain (1ms)
		EndReloadAssembly (381ms)
			LoadAssemblies (62ms)
			RebuildTransferFunctionScriptingTraits (0ms)
			SetupTypeCache (99ms)
			ReleaseScriptCaches (0ms)
			RebuildScriptCaches (23ms)
			SetupLoadedEditorAssemblies (214ms)
				LogAssemblyErrors (0ms)
				InitializePlatformSupportModulesInManaged (14ms)
				SetLoadedEditorAssemblies (0ms)
				RefreshPlugins (40ms)
				BeforeProcessingInitializeOnLoad (1ms)
				ProcessInitializeOnLoadAttributes (121ms)
				ProcessInitializeOnLoadMethodAttributes (37ms)
				AfterProcessingInitializeOnLoad (0ms)
				EditorAssembliesLoaded (0ms)
			ExecutionOrderSort2 (0ms)
			AwakeInstancesAfterBackupRestoration (0ms)
Platform modules already initialized, skipping
Registering precompiled user dll's ...
Registered in 0.002410 seconds.
Begin MonoManager ReloadAssembly
Native extension for WindowsStandalone target not found
Native extension for WebGL target not found
Refreshing native plugins compatible for Editor in 34.02 ms, found 2 plugins.
Preloading 0 native plugins for Editor in 0.00 ms.
Mono: successfully reloaded assembly
- Completed reload, in  0.885 seconds
Domain Reload Profiling:
	ReloadAssembly (885ms)
		BeginReloadAssembly (101ms)
			ExecutionOrderSort (0ms)
			DisableScriptedObjects (5ms)
			BackupInstance (0ms)
			ReleaseScriptingObjects (0ms)
			CreateAndSetChildDomain (21ms)
		EndReloadAssembly (697ms)
			LoadAssemblies (61ms)
			RebuildTransferFunctionScriptingTraits (0ms)
			SetupTypeCache (171ms)
			ReleaseScriptCaches (1ms)
			RebuildScriptCaches (46ms)
			SetupLoadedEditorAssemblies (380ms)
				LogAssemblyErrors (0ms)
				InitializePlatformSupportModulesInManaged (12ms)
				SetLoadedEditorAssemblies (0ms)
				RefreshPlugins (34ms)
				BeforeProcessingInitializeOnLoad (52ms)
				ProcessInitializeOnLoadAttributes (257ms)
				ProcessInitializeOnLoadMethodAttributes (17ms)
				AfterProcessingInitializeOnLoad (8ms)
				EditorAssembliesLoaded (0ms)
			ExecutionOrderSort2 (0ms)
			AwakeInstancesAfterBackupRestoration (5ms)
Platform modules already initialized, skipping
========================================================================
Worker process is ready to serve import requests
Launched and connected shader compiler UnityShaderCompiler.exe after 0.07 seconds
Refreshing native plugins compatible for Editor in 0.75 ms, found 2 plugins.
Preloading 0 native plugins for Editor in 0.00 ms.
Unloading 2405 Unused Serialized files (Serialized files now loaded: 0)
Unloading 37 unused Assets / (165.6 KB). Loaded Objects now: 2870.
Memory consumption went from 104.2 MB to 104.0 MB.
Total: 4.246700 ms (FindLiveObjects: 0.381500 ms CreateObjectMapping: 0.084500 ms MarkObjects: 3.591700 ms  DeleteObjects: 0.187000 ms)

AssetImportParameters requested are different than current active one (requested -> active):
  custom:video-decoder-ogg-theora: a1e56fd34408186e4bbccfd4996cb3dc -> 
  custom:container-muxer-webm: aa71ff27fc2769a1b78a27578f13a17b -> 
  custom:container-demuxer-webm: 4f35f7cbe854078d1ac9338744f61a02 -> 
  custom:video-encoder-webm-vp8: eb34c28f22e8b96e1ab97ce403110664 -> 
  custom:audio-encoder-webm-vorbis: bf7c407c2cedff20999df2af8eb42d56 -> 
  custom:framework-win-MediaFoundation: 216162199b28c13a410421893ffa2e32 -> 
  custom:container-demuxer-ogg: 62fdf1f143b41e24485cea50d1cbac27 -> 
  custom:video-decoder-webm-vp8: 9c59270c3fd7afecdb556c50c9e8de78 -> 
  custom:audio-decoder-ogg-vorbis: bf7c407c2cedff20999df2af8eb42d56 -> 
========================================================================
Received Import Request.
  Time since last request: 156821.962171 seconds.
  path: Assets/Art Assets/Animations/walk crouching backward.fbx
  artifactKey: Guid(adf2600de5bd3bb4b9933d3864adb2b0) Importer(815301076,1909f56bfc062723c751e8b465ee728b)
Start importing Assets/Art Assets/Animations/walk crouching backward.fbx using Guid(adf2600de5bd3bb4b9933d3864adb2b0) Importer(815301076,1909f56bfc062723c751e8b465ee728b)  -> (artifact id: 'f49460e837ef14693003b21e31dfe40b') in 0.094060 seconds 
========================================================================
Received Import Request.
  Time since last request: 0.000018 seconds.
  path: Assets/Art Assets/Animations/walk right.fbx
  artifactKey: Guid(dd24d8aae6d03c647b61455d0e9d1000) Importer(815301076,1909f56bfc062723c751e8b465ee728b)
Start importing Assets/Art Assets/Animations/walk right.fbx using Guid(dd24d8aae6d03c647b61455d0e9d1000) Importer(815301076,1909f56bfc062723c751e8b465ee728b)  -> (artifact id: '75a79f1d5666c9ec519f66356bbbe334') in 0.010324 seconds 
========================================================================
Received Import Request.
  Time since last request: 0.000018 seconds.
  path: Assets/Art Assets/Animations/death from right.fbx
  artifactKey: Guid(5043ef40f4988ac44bc8b03f166fc1b8) Importer(815301076,1909f56bfc062723c751e8b465ee728b)
Start importing Assets/Art Assets/Animations/death from right.fbx using Guid(5043ef40f4988ac44bc8b03f166fc1b8) Importer(815301076,1909f56bfc062723c751e8b465ee728b)  -> (artifact id: 'e137719569a7eaaaae5eff2dfc6ec51d') in 0.010898 seconds 
========================================================================
Received Import Request.
  Time since last request: 0.000016 seconds.
  path: Assets/Art Assets/Animations/sprint left.fbx
  artifactKey: Guid(2ace39811edbbac47bfbc6aa30d95349) Importer(815301076,1909f56bfc062723c751e8b465ee728b)
Start importing Assets/Art Assets/Animations/sprint left.fbx using Guid(2ace39811edbbac47bfbc6aa30d95349) Importer(815301076,1909f56bfc062723c751e8b465ee728b)  -> (artifact id: 'bd403933238c01888ee48c089ef6495f') in 0.009674 seconds 
========================================================================
Received Import Request.
  Time since last request: 0.000016 seconds.
  path: Assets/Art Assets/Animations/walk crouching right.fbx
  artifactKey: Guid(2414c01b97b665244b622f15881f7c6a) Importer(815301076,1909f56bfc062723c751e8b465ee728b)
Start importing Assets/Art Assets/Animations/walk crouching right.fbx using Guid(2414c01b97b665244b622f15881f7c6a) Importer(815301076,1909f56bfc062723c751e8b465ee728b)  -> (artifact id: '5e8f68e37c2021173bd4e201454e5439') in 0.009590 seconds 
========================================================================
Received Import Request.
  Time since last request: 0.000016 seconds.
  path: Assets/Art Assets/Animations/walk left.fbx
  artifactKey: Guid(558567cbcd301bc4fb68613282699fcb) Importer(815301076,1909f56bfc062723c751e8b465ee728b)
Start importing Assets/Art Assets/Animations/walk left.fbx using Guid(558567cbcd301bc4fb68613282699fcb) Importer(815301076,1909f56bfc062723c751e8b465ee728b)  -> (artifact id: '1ce666b652852514c23ba1fad5fc7c0e') in 0.009353 seconds 
========================================================================
Received Import Request.
  Time since last request: 0.000017 seconds.
  path: Assets/Art Assets/Animations/run left.fbx
  artifactKey: Guid(35d30a974aadf0b4da8816a2e1809d22) Importer(815301076,1909f56bfc062723c751e8b465ee728b)
Start importing Assets/Art Assets/Animations/run left.fbx using Guid(35d30a974aadf0b4da8816a2e1809d22) Importer(815301076,1909f56bfc062723c751e8b465ee728b)  -> (artifact id: 'e4fe54ceae668f5a7d64fa0db90bf306') in 0.009476 seconds 
========================================================================
Received Import Request.
  Time since last request: 0.000019 seconds.
  path: Assets/Art Assets/Animations/death crouching headshot front.fbx
  artifactKey: Guid(1da6d7181feb39b40b8e6d376ffe1e1d) Importer(815301076,1909f56bfc062723c751e8b465ee728b)
Start importing Assets/Art Assets/Animations/death crouching headshot front.fbx using Guid(1da6d7181feb39b40b8e6d376ffe1e1d) Importer(815301076,1909f56bfc062723c751e8b465ee728b)  -> (artifact id: '6639b9113570f438e45384185fbdd3bd') in 0.010291 seconds 
========================================================================
Received Import Request.
  Time since last request: 0.000016 seconds.
  path: Assets/Art Assets/Animations/run backward right.fbx
  artifactKey: Guid(378434c206ef256479218c64a951ccea) Importer(815301076,1909f56bfc062723c751e8b465ee728b)
Start importing Assets/Art Assets/Animations/run backward right.fbx using Guid(378434c206ef256479218c64a951ccea) Importer(815301076,1909f56bfc062723c751e8b465ee728b)  -> (artifact id: '7d559881445c7627804da7a489da1a0b') in 0.009512 seconds 
========================================================================
Received Import Request.
  Time since last request: 0.000016 seconds.
  path: Assets/Art Assets/Animations/walk crouching forward.fbx
  artifactKey: Guid(882e31872a88aed4f9327b61c56c88f9) Importer(815301076,1909f56bfc062723c751e8b465ee728b)
Start importing Assets/Art Assets/Animations/walk crouching forward.fbx using Guid(882e31872a88aed4f9327b61c56c88f9) Importer(815301076,1909f56bfc062723c751e8b465ee728b)  -> (artifact id: 'bfb6a02c90bf51df31f69b981eb3f9e3') in 0.009356 seconds 
========================================================================
Received Import Request.
  Time since last request: 0.000021 seconds.
  path: Assets/Art Assets/Animations/walk crouching forward right.fbx
  artifactKey: Guid(8c140833a06b422458c0678ba3477e7c) Importer(815301076,1909f56bfc062723c751e8b465ee728b)
Start importing Assets/Art Assets/Animations/walk crouching forward right.fbx using Guid(8c140833a06b422458c0678ba3477e7c) Importer(815301076,1909f56bfc062723c751e8b465ee728b)  -> (artifact id: '8e4b2a664afb4805ab2b5cde41604ab5') in 0.009237 seconds 
========================================================================
Received Import Request.
  Time since last request: 0.000017 seconds.
  path: Assets/Art Assets/Animations/run forward left.fbx
  artifactKey: Guid(93eb8e9a40dd87841ba6367a8a2efa86) Importer(815301076,1909f56bfc062723c751e8b465ee728b)
Start importing Assets/Art Assets/Animations/run forward left.fbx using Guid(93eb8e9a40dd87841ba6367a8a2efa86) Importer(815301076,1909f56bfc062723c751e8b465ee728b)  -> (artifact id: '425ec38bb1b03a8f423f59484c06592c') in 0.009139 seconds 
========================================================================
Received Import Request.
  Time since last request: 266.009287 seconds.
  path: Assets/Art Assets/Animations/death from front headshot.fbx
  artifactKey: Guid(889530126a892d44d8d0210669786955) Importer(815301076,1909f56bfc062723c751e8b465ee728b)
Start importing Assets/Art Assets/Animations/death from front headshot.fbx using Guid(889530126a892d44d8d0210669786955) Importer(815301076,1909f56bfc062723c751e8b465ee728b)  -> (artifact id: '82dd1335d31aec1d904438ce1601d0b6') in 0.010008 seconds 
========================================================================
Received Import Request.
  Time since last request: 0.000025 seconds.
  path: Assets/Art Assets/Animations/idle.fbx
  artifactKey: Guid(bd904480e132c324d90c18c07ab4f9b0) Importer(815301076,1909f56bfc062723c751e8b465ee728b)
Start importing Assets/Art Assets/Animations/idle.fbx using Guid(bd904480e132c324d90c18c07ab4f9b0) Importer(815301076,1909f56bfc062723c751e8b465ee728b)  -> (artifact id: '56960c9a9378c8570254f4c40000962e') in 0.010657 seconds 
========================================================================
Received Import Request.
  Time since last request: 0.000027 seconds.
  path: Assets/Art Assets/Animations/turn 90 left.fbx
  artifactKey: Guid(858123e33716daf4d924a46ecede26d6) Importer(815301076,1909f56bfc062723c751e8b465ee728b)
Start importing Assets/Art Assets/Animations/turn 90 left.fbx using Guid(858123e33716daf4d924a46ecede26d6) Importer(815301076,1909f56bfc062723c751e8b465ee728b)  -> (artifact id: '821916d11d8554c1218eeaf315e8075d') in 0.006585 seconds 
========================================================================
Received Import Request.
  Time since last request: 0.000024 seconds.
  path: Assets/Art Assets/Animations/turn 90 right.fbx
  artifactKey: Guid(19532c9005eeaf04e8be0d86366d470a) Importer(815301076,1909f56bfc062723c751e8b465ee728b)
Start importing Assets/Art Assets/Animations/turn 90 right.fbx using Guid(19532c9005eeaf04e8be0d86366d470a) Importer(815301076,1909f56bfc062723c751e8b465ee728b)  -> (artifact id: '7a9dd492ceb6b2005449dea44cbf32ca') in 0.005459 seconds 
========================================================================
Received Import Request.
  Time since last request: 0.000018 seconds.
  path: Assets/Art Assets/Animations/run left.fbx
  artifactKey: Guid(35d30a974aadf0b4da8816a2e1809d22) Importer(815301076,1909f56bfc062723c751e8b465ee728b)
Start importing Assets/Art Assets/Animations/run left.fbx using Guid(35d30a974aadf0b4da8816a2e1809d22) Importer(815301076,1909f56bfc062723c751e8b465ee728b)  -> (artifact id: '11a459e1567437c4821bfff14acd5b9b') in 0.005465 seconds 
========================================================================
Received Import Request.
  Time since last request: 0.000018 seconds.
  path: Assets/Art Assets/Animations/run forward right.fbx
  artifactKey: Guid(59512f877a97f4343a9d477cf009a901) Importer(815301076,1909f56bfc062723c751e8b465ee728b)
Start importing Assets/Art Assets/Animations/run forward right.fbx using Guid(59512f877a97f4343a9d477cf009a901) Importer(815301076,1909f56bfc062723c751e8b465ee728b)  -> (artifact id: 'a2f3dc00324ed498ea2e341e844f2220') in 0.005336 seconds 
========================================================================
Received Import Request.
  Time since last request: 0.000019 seconds.
  path: Assets/Art Assets/Animations/run forward left.fbx
  artifactKey: Guid(93eb8e9a40dd87841ba6367a8a2efa86) Importer(815301076,1909f56bfc062723c751e8b465ee728b)
Start importing Assets/Art Assets/Animations/run forward left.fbx using Guid(93eb8e9a40dd87841ba6367a8a2efa86) Importer(815301076,1909f56bfc062723c751e8b465ee728b)  -> (artifact id: 'f264d51d43f573153d70d9d1c9b31ec8') in 0.005288 seconds 
========================================================================
Received Import Request.
  Time since last request: 14.903840 seconds.
  path: Assets/Art Assets/Animations/death from front headshot.fbx
  artifactKey: Guid(889530126a892d44d8d0210669786955) Importer(815301076,1909f56bfc062723c751e8b465ee728b)
Start importing Assets/Art Assets/Animations/death from front headshot.fbx using Guid(889530126a892d44d8d0210669786955) Importer(815301076,1909f56bfc062723c751e8b465ee728b)  -> (artifact id: '05e2a073cd4b55c99e3e54a7861d6f7d') in 0.006530 seconds 
========================================================================
Received Import Request.
  Time since last request: 0.000015 seconds.
  path: Assets/Art Assets/Animations/run backward left.fbx
  artifactKey: Guid(ed6dd0734d7794e42b15f80885884e45) Importer(815301076,1909f56bfc062723c751e8b465ee728b)
Start importing Assets/Art Assets/Animations/run backward left.fbx using Guid(ed6dd0734d7794e42b15f80885884e45) Importer(815301076,1909f56bfc062723c751e8b465ee728b)  -> (artifact id: '3882d4002df75685ba46816d19a757d0') in 0.005686 seconds 
========================================================================
Received Import Request.
  Time since last request: 0.000021 seconds.
  path: Assets/Art Assets/Animations/turn 90 left.fbx
  artifactKey: Guid(858123e33716daf4d924a46ecede26d6) Importer(815301076,1909f56bfc062723c751e8b465ee728b)
Start importing Assets/Art Assets/Animations/turn 90 left.fbx using Guid(858123e33716daf4d924a46ecede26d6) Importer(815301076,1909f56bfc062723c751e8b465ee728b)  -> (artifact id: 'c8207adddc58dfaccb6d00ddf1332fee') in 0.005876 seconds 
========================================================================
Received Import Request.
  Time since last request: 0.000017 seconds.
  path: Assets/Art Assets/Animations/run backward.fbx
  artifactKey: Guid(5827d3b39212aeb4186022d05c0bade6) Importer(815301076,1909f56bfc062723c751e8b465ee728b)
Start importing Assets/Art Assets/Animations/run backward.fbx using Guid(5827d3b39212aeb4186022d05c0bade6) Importer(815301076,1909f56bfc062723c751e8b465ee728b)  -> (artifact id: '37763c61eec7fc430813a4a71105d129') in 0.006443 seconds 
========================================================================
Received Import Request.
  Time since last request: 0.000021 seconds.
  path: Assets/Art Assets/Animations/run forward right.fbx
  artifactKey: Guid(59512f877a97f4343a9d477cf009a901) Importer(815301076,1909f56bfc062723c751e8b465ee728b)
Start importing Assets/Art Assets/Animations/run forward right.fbx using Guid(59512f877a97f4343a9d477cf009a901) Importer(815301076,1909f56bfc062723c751e8b465ee728b)  -> (artifact id: '4e0333708c8bb41d27c45162374e532b') in 0.006381 seconds 
Editor requested this worker to shutdown with reason: Scaling down because of idle timeout
AssetImportWorker is now disconnected from the server
Process exiting
Exiting without the bug reporter. Application will terminate with return code 0